<?xml version="1.0" encoding="UTF-8"?>
<testng-results skipped="0" failed="0" total="1" passed="1">
  <reporter-output>
  </reporter-output>
  <suite name="STTA.MavenProject.WebDriverTest" duration-ms="19984" started-at="2015-05-14T08:33:42Z" finished-at="2015-05-14T08:34:02Z">
    <groups>
    </groups>
    <test name="Command line test" duration-ms="19984" started-at="2015-05-14T08:33:42Z" finished-at="2015-05-14T08:34:02Z">
      <class name="STTA.MavenProject.WebDriverTest">
        <test-method status="PASS" signature="googleSearch()[pri:0, instance:STTA.MavenProject.WebDriverTest@1a407d53]" name="googleSearch" duration-ms="19964" started-at="2015-05-14T14:03:42Z" finished-at="2015-05-14T14:04:02Z">
          <reporter-output>
          </reporter-output>
        </test-method> <!-- googleSearch -->
      </class> <!-- STTA.MavenProject.WebDriverTest -->
    </test> <!-- Command line test -->
  </suite> <!-- STTA.MavenProject.WebDriverTest -->
</testng-results>
