<?xml version="1.0" encoding="UTF-8"?>
<testng-results skipped="0" failed="0" total="1" passed="1">
  <reporter-output>
  </reporter-output>
  <suite name="STTA.MavenProject.WebDriverTest" duration-ms="31944" started-at="2015-05-26T13:29:20Z" finished-at="2015-05-26T13:29:51Z">
    <groups>
    </groups>
    <test name="Command line test" duration-ms="31944" started-at="2015-05-26T13:29:20Z" finished-at="2015-05-26T13:29:51Z">
      <class name="STTA.MavenProject.WebDriverTest">
        <test-method status="PASS" signature="googleSearch()[pri:0, instance:STTA.MavenProject.WebDriverTest@1a407d53]" name="googleSearch" duration-ms="31929" started-at="2015-05-26T18:59:20Z" finished-at="2015-05-26T18:59:51Z">
          <reporter-output>
          </reporter-output>
        </test-method> <!-- googleSearch -->
      </class> <!-- STTA.MavenProject.WebDriverTest -->
    </test> <!-- Command line test -->
  </suite> <!-- STTA.MavenProject.WebDriverTest -->
</testng-results>
